<?xml version="1.0" encoding="UTF-8"?>
<!-- Generated by org.testng.reporters.JUnitXMLReporter -->
<testsuite ignored="0" hostname="Prabhu_N" failures="3" tests="3" name="Test(failed)" time="69.548" errors="0" timestamp="12 Feb 2024 07:00:42 GMT">
  <testcase classname="Assignment.ValidLogin" name="validLogin" time="26.962">
    <failure type="java.lang.NullPointerException" message="Cannot invoke &amp;quot;org.openqa.selenium.TakesScreenshot.getScreenshotAs(org.openqa.selenium.OutputType)&amp;quot; because &amp;quot;ts&amp;quot; is null">
      <![CDATA[java.lang.NullPointerException: Cannot invoke "org.openqa.selenium.TakesScreenshot.getScreenshotAs(org.openqa.selenium.OutputType)" because "ts" is null
at com.shooperstack.BaseTest.getScreenshootFailedMethod(BaseTest.java:59)
at com.shooperstack.CustomerListnur.onTestSuccess(CustomerListnur.java:22)
... Removed 22 stack frames]]>
    </failure>
  </testcase> <!-- validLogin -->
  <testcase classname="Assignment.ValidLogin" name="invalidTestData" time="33.126">
    <failure type="java.lang.NullPointerException" message="Cannot invoke &amp;quot;org.openqa.selenium.TakesScreenshot.getScreenshotAs(org.openqa.selenium.OutputType)&amp;quot; because &amp;quot;ts&amp;quot; is null">
      <![CDATA[java.lang.NullPointerException: Cannot invoke "org.openqa.selenium.TakesScreenshot.getScreenshotAs(org.openqa.selenium.OutputType)" because "ts" is null
at com.shooperstack.BaseTest.getScreenshootFailedMethod(BaseTest.java:59)
at com.shooperstack.CustomerListnur.onTestSuccess(CustomerListnur.java:22)
... Removed 22 stack frames]]>
    </failure>
  </testcase> <!-- invalidTestData -->
  <testcase classname="Assignment.AddToCardIcon" name="addToCart" time="0.003">
    <failure type="java.lang.NullPointerException" message="Cannot invoke &amp;quot;org.openqa.selenium.SearchContext.findElement(org.openqa.selenium.By)&amp;quot; because &amp;quot;this.searchContext&amp;quot; is null">
      <![CDATA[java.lang.NullPointerException: Cannot invoke "org.openqa.selenium.SearchContext.findElement(org.openqa.selenium.By)" because "this.searchContext" is null
at org.openqa.selenium.support.pagefactory.DefaultElementLocator.findElement(DefaultElementLocator.java:68)
at org.openqa.selenium.support.pagefactory.internal.LocatingElementHandler.invoke(LocatingElementHandler.java:38)
at jdk.proxy2/jdk.proxy2.$Proxy16.click(Unknown Source)
at PomPage.WelcomePage.loginButton(WelcomePage.java:54)
at Assignment.ValidLogin.validLogin(ValidLogin.java:25)
at Assignment.AddToCardIcon.addToCart(AddToCardIcon.java:20)
... Removed 25 stack frames]]>
    </failure>
  </testcase> <!-- addToCart -->
</testsuite> <!-- Test(failed) -->
